2022-06-01 11:00:03 10708 [Note] Plugin 'FEDERATED' is disabled.
2022-06-01 11:00:03 10708 [Note] InnoDB: The InnoDB memory heap is disabled
2022-06-01 11:00:03 10708 [Note] InnoDB: Mutexes and rw_locks use Windows interlocked functions
2022-06-01 11:00:03 10708 [Note] InnoDB: Compressed tables use zlib 1.2.3
2022-06-01 11:00:03 10708 [Note] InnoDB: Not using CPU crc32 instructions
2022-06-01 11:00:03 10708 [Note] InnoDB: Initializing buffer pool, size = 128.0M
2022-06-01 11:00:03 10708 [Note] InnoDB: Completed initialization of buffer pool
2022-06-01 11:00:03 10708 [Note] InnoDB: Highest supported file format is Barracuda.
2022-06-01 11:00:03 10708 [Note] InnoDB: The log sequence numbers 1626134 and 1626134 in ibdata files do not match the log sequence number 2569056 in the ib_logfiles!
2022-06-01 11:00:03 10708 [Note] InnoDB: Database was not shutdown normally!
2022-06-01 11:00:03 10708 [Note] InnoDB: Starting crash recovery.
2022-06-01 11:00:03 10708 [Note] InnoDB: Reading tablespace information from the .ibd files...
2022-06-01 11:00:03 10708 [Note] InnoDB: Restoring possible half-written data pages 
2022-06-01 11:00:03 10708 [Note] InnoDB: from the doublewrite buffer...
2022-06-01 11:00:03 10708 [Note] InnoDB: 128 rollback segment(s) are active.
2022-06-01 11:00:03 10708 [Note] InnoDB: Waiting for purge to start
2022-06-01 11:00:03 10708 [Note] InnoDB: 5.6.13 started; log sequence number 2569056
2022-06-01 11:00:03 10708 [Note] Server hostname (bind-address): '*'; port: 3307
2022-06-01 11:00:03 10708 [Note] IPv6 is available.
2022-06-01 11:00:03 10708 [Note]   - '::' resolves to '::';
2022-06-01 11:00:03 10708 [Note] Server socket created on IP: '::'.
2022-06-01 11:00:26 1148 [Note] Plugin 'FEDERATED' is disabled.
2022-06-01 11:00:26 1148 [Note] InnoDB: The InnoDB memory heap is disabled
2022-06-01 11:00:26 1148 [Note] InnoDB: Mutexes and rw_locks use Windows interlocked functions
2022-06-01 11:00:26 1148 [Note] InnoDB: Compressed tables use zlib 1.2.3
2022-06-01 11:00:26 1148 [Note] InnoDB: Not using CPU crc32 instructions
2022-06-01 11:00:26 1148 [Note] InnoDB: Initializing buffer pool, size = 128.0M
2022-06-01 11:00:26 1148 [Note] InnoDB: Completed initialization of buffer pool
2022-06-01 11:00:26 1148 [Note] InnoDB: Highest supported file format is Barracuda.
2022-06-01 11:00:26 1148 [Note] InnoDB: The log sequence numbers 1626134 and 1626134 in ibdata files do not match the log sequence number 2569066 in the ib_logfiles!
2022-06-01 11:00:26 1148 [Note] InnoDB: Database was not shutdown normally!
2022-06-01 11:00:26 1148 [Note] InnoDB: Starting crash recovery.
2022-06-01 11:00:26 1148 [Note] InnoDB: Reading tablespace information from the .ibd files...
2022-06-01 11:00:26 1148 [Note] InnoDB: Restoring possible half-written data pages 
2022-06-01 11:00:26 1148 [Note] InnoDB: from the doublewrite buffer...
2022-06-01 11:00:26 1148 [Note] InnoDB: 128 rollback segment(s) are active.
2022-06-01 11:00:26 1148 [Note] InnoDB: Waiting for purge to start
2022-06-01 11:00:26 1148 [Note] InnoDB: 5.6.13 started; log sequence number 2569066
2022-06-01 11:00:26 1148 [Note] Server hostname (bind-address): '*'; port: 3307
2022-06-01 11:00:26 1148 [Note] IPv6 is available.
2022-06-01 11:00:26 1148 [Note]   - '::' resolves to '::';
2022-06-01 11:00:26 1148 [Note] Server socket created on IP: '::'.
