2022-05-25 07:28:11 14244 [Note] Plugin 'FEDERATED' is disabled.
2022-05-25 07:28:11 14244 [Note] InnoDB: The InnoDB memory heap is disabled
2022-05-25 07:28:11 14244 [Note] InnoDB: Mutexes and rw_locks use Windows interlocked functions
2022-05-25 07:28:11 14244 [Note] InnoDB: Compressed tables use zlib 1.2.3
2022-05-25 07:28:11 14244 [Note] InnoDB: Not using CPU crc32 instructions
2022-05-25 07:28:11 14244 [Note] InnoDB: Initializing buffer pool, size = 128.0M
2022-05-25 07:28:11 14244 [Note] InnoDB: Completed initialization of buffer pool
2022-05-25 07:28:11 14244 [Note] InnoDB: Highest supported file format is Barracuda.
2022-05-25 07:28:11 14244 [Note] InnoDB: The log sequence numbers 1626134 and 1626134 in ibdata files do not match the log sequence number 1626656 in the ib_logfiles!
2022-05-25 07:28:11 14244 [Note] InnoDB: Database was not shutdown normally!
2022-05-25 07:28:11 14244 [Note] InnoDB: Starting crash recovery.
2022-05-25 07:28:11 14244 [Note] InnoDB: Reading tablespace information from the .ibd files...
2022-05-25 07:28:11 14244 [Note] InnoDB: Restoring possible half-written data pages 
2022-05-25 07:28:11 14244 [Note] InnoDB: from the doublewrite buffer...
2022-05-25 07:28:11 14244 [Note] InnoDB: 128 rollback segment(s) are active.
2022-05-25 07:28:11 14244 [Note] InnoDB: Waiting for purge to start
2022-05-25 07:28:12 14244 [Note] InnoDB: 5.6.13 started; log sequence number 1626656
2022-05-25 07:28:12 14244 [Note] Server hostname (bind-address): '*'; port: 3307
2022-05-25 07:28:12 14244 [Note] IPv6 is available.
2022-05-25 07:28:12 14244 [Note]   - '::' resolves to '::';
2022-05-25 07:28:12 14244 [Note] Server socket created on IP: '::'.
2022-05-25 08:57:12 23580 [Note] Plugin 'FEDERATED' is disabled.
2022-05-25 08:57:12 23580 [Note] InnoDB: The InnoDB memory heap is disabled
2022-05-25 08:57:12 23580 [Note] InnoDB: Mutexes and rw_locks use Windows interlocked functions
2022-05-25 08:57:12 23580 [Note] InnoDB: Compressed tables use zlib 1.2.3
2022-05-25 08:57:12 23580 [Note] InnoDB: Not using CPU crc32 instructions
2022-05-25 08:57:12 23580 [Note] InnoDB: Initializing buffer pool, size = 128.0M
2022-05-25 08:57:12 23580 [Note] InnoDB: Completed initialization of buffer pool
2022-05-25 08:57:12 23580 [Note] InnoDB: Highest supported file format is Barracuda.
2022-05-25 08:57:12 23580 [Note] InnoDB: The log sequence numbers 1626134 and 1626134 in ibdata files do not match the log sequence number 1626666 in the ib_logfiles!
2022-05-25 08:57:12 23580 [Note] InnoDB: Database was not shutdown normally!
2022-05-25 08:57:12 23580 [Note] InnoDB: Starting crash recovery.
2022-05-25 08:57:12 23580 [Note] InnoDB: Reading tablespace information from the .ibd files...
2022-05-25 08:57:12 23580 [Note] InnoDB: Restoring possible half-written data pages 
2022-05-25 08:57:12 23580 [Note] InnoDB: from the doublewrite buffer...
2022-05-25 08:57:13 23580 [Note] InnoDB: 128 rollback segment(s) are active.
2022-05-25 08:57:13 23580 [Note] InnoDB: Waiting for purge to start
2022-05-25 08:57:13 23580 [Note] InnoDB: 5.6.13 started; log sequence number 1626666
2022-05-25 08:57:13 23580 [Note] Server hostname (bind-address): '*'; port: 3307
2022-05-25 08:57:13 23580 [Note] IPv6 is available.
2022-05-25 08:57:13 23580 [Note]   - '::' resolves to '::';
2022-05-25 08:57:13 23580 [Note] Server socket created on IP: '::'.
2022-05-25 09:18:43 9376 [Note] Plugin 'FEDERATED' is disabled.
2022-05-25 09:18:43 9376 [Note] InnoDB: The InnoDB memory heap is disabled
2022-05-25 09:18:43 9376 [Note] InnoDB: Mutexes and rw_locks use Windows interlocked functions
2022-05-25 09:18:43 9376 [Note] InnoDB: Compressed tables use zlib 1.2.3
2022-05-25 09:18:43 9376 [Note] InnoDB: Not using CPU crc32 instructions
2022-05-25 09:18:43 9376 [Note] InnoDB: Initializing buffer pool, size = 128.0M
2022-05-25 09:18:43 9376 [Note] InnoDB: Completed initialization of buffer pool
2022-05-25 09:18:43 9376 [Note] InnoDB: Highest supported file format is Barracuda.
2022-05-25 09:18:43 9376 [Note] InnoDB: The log sequence numbers 1626134 and 1626134 in ibdata files do not match the log sequence number 1626676 in the ib_logfiles!
2022-05-25 09:18:43 9376 [Note] InnoDB: Database was not shutdown normally!
2022-05-25 09:18:43 9376 [Note] InnoDB: Starting crash recovery.
2022-05-25 09:18:43 9376 [Note] InnoDB: Reading tablespace information from the .ibd files...
2022-05-25 09:18:43 9376 [Note] InnoDB: Restoring possible half-written data pages 
2022-05-25 09:18:43 9376 [Note] InnoDB: from the doublewrite buffer...
2022-05-25 09:18:43 9376 [Note] InnoDB: 128 rollback segment(s) are active.
2022-05-25 09:18:43 9376 [Note] InnoDB: Waiting for purge to start
2022-05-25 09:18:44 9376 [Note] InnoDB: 5.6.13 started; log sequence number 1626676
2022-05-25 09:18:44 9376 [Note] Server hostname (bind-address): '*'; port: 3307
2022-05-25 09:18:44 9376 [Note] IPv6 is available.
2022-05-25 09:18:44 9376 [Note]   - '::' resolves to '::';
2022-05-25 09:18:44 9376 [Note] Server socket created on IP: '::'.
2022-05-25 09:33:44 26824 [Note] Plugin 'FEDERATED' is disabled.
2022-05-25 09:33:44 26824 [Note] InnoDB: The InnoDB memory heap is disabled
2022-05-25 09:33:44 26824 [Note] InnoDB: Mutexes and rw_locks use Windows interlocked functions
2022-05-25 09:33:44 26824 [Note] InnoDB: Compressed tables use zlib 1.2.3
2022-05-25 09:33:44 26824 [Note] InnoDB: Not using CPU crc32 instructions
2022-05-25 09:33:44 26824 [Note] InnoDB: Initializing buffer pool, size = 128.0M
2022-05-25 09:33:44 26824 [Note] InnoDB: Completed initialization of buffer pool
2022-05-25 09:33:44 26824 [Note] InnoDB: Highest supported file format is Barracuda.
2022-05-25 09:33:44 26824 [Note] InnoDB: The log sequence numbers 1626134 and 1626134 in ibdata files do not match the log sequence number 1626686 in the ib_logfiles!
2022-05-25 09:33:44 26824 [Note] InnoDB: Database was not shutdown normally!
2022-05-25 09:33:44 26824 [Note] InnoDB: Starting crash recovery.
2022-05-25 09:33:44 26824 [Note] InnoDB: Reading tablespace information from the .ibd files...
2022-05-25 09:33:44 26824 [Note] InnoDB: Restoring possible half-written data pages 
2022-05-25 09:33:44 26824 [Note] InnoDB: from the doublewrite buffer...
2022-05-25 09:33:44 26824 [Note] InnoDB: 128 rollback segment(s) are active.
2022-05-25 09:33:44 26824 [Note] InnoDB: Waiting for purge to start
2022-05-25 09:33:44 26824 [Note] InnoDB: 5.6.13 started; log sequence number 1626686
2022-05-25 09:33:44 26824 [Note] Server hostname (bind-address): '*'; port: 3307
2022-05-25 09:33:44 26824 [Note] IPv6 is available.
2022-05-25 09:33:44 26824 [Note]   - '::' resolves to '::';
2022-05-25 09:33:44 26824 [Note] Server socket created on IP: '::'.
2022-05-25 12:33:36 14564 [Note] Plugin 'FEDERATED' is disabled.
2022-05-25 12:33:36 14564 [Note] InnoDB: The InnoDB memory heap is disabled
2022-05-25 12:33:36 14564 [Note] InnoDB: Mutexes and rw_locks use Windows interlocked functions
2022-05-25 12:33:36 14564 [Note] InnoDB: Compressed tables use zlib 1.2.3
2022-05-25 12:33:36 14564 [Note] InnoDB: Not using CPU crc32 instructions
2022-05-25 12:33:36 14564 [Note] InnoDB: Initializing buffer pool, size = 128.0M
2022-05-25 12:33:36 14564 [Note] InnoDB: Completed initialization of buffer pool
2022-05-25 12:33:36 14564 [Note] InnoDB: Highest supported file format is Barracuda.
2022-05-25 12:33:36 14564 [Note] InnoDB: The log sequence numbers 1626134 and 1626134 in ibdata files do not match the log sequence number 1626696 in the ib_logfiles!
2022-05-25 12:33:36 14564 [Note] InnoDB: Database was not shutdown normally!
2022-05-25 12:33:36 14564 [Note] InnoDB: Starting crash recovery.
2022-05-25 12:33:36 14564 [Note] InnoDB: Reading tablespace information from the .ibd files...
2022-05-25 12:33:37 14564 [Note] InnoDB: Restoring possible half-written data pages 
2022-05-25 12:33:37 14564 [Note] InnoDB: from the doublewrite buffer...
2022-05-25 12:33:37 14564 [Note] InnoDB: 128 rollback segment(s) are active.
2022-05-25 12:33:37 14564 [Note] InnoDB: Waiting for purge to start
2022-05-25 12:33:37 14564 [Note] InnoDB: 5.6.13 started; log sequence number 1626696
2022-05-25 12:33:37 14564 [Note] Server hostname (bind-address): '*'; port: 3307
2022-05-25 12:33:37 14564 [Note] IPv6 is available.
2022-05-25 12:33:37 14564 [Note]   - '::' resolves to '::';
2022-05-25 12:33:37 14564 [Note] Server socket created on IP: '::'.
2022-05-25 12:33:37 14564 [ERROR] Can't start server: Bind on TCP/IP port: No such file or directory
2022-05-25 12:33:37 14564 [ERROR] Do you already have another mysqld server running on port: 3307 ?
2022-05-25 12:33:37 14564 [ERROR] Aborting

2022-05-25 12:33:37 14564 [Note] Binlog end
2022-05-25 12:33:37 14564 [Note] Shutting down plugin 'partition'
2022-05-25 12:33:37 14564 [Note] Shutting down plugin 'PERFORMANCE_SCHEMA'
2022-05-25 12:33:37 14564 [Note] Shutting down plugin 'INNODB_SYS_DATAFILES'
2022-05-25 12:33:37 14564 [Note] Shutting down plugin 'INNODB_SYS_TABLESPACES'
2022-05-25 12:33:37 14564 [Note] Shutting down plugin 'INNODB_SYS_FOREIGN_COLS'
2022-05-25 12:33:37 14564 [Note] Shutting down plugin 'INNODB_SYS_FOREIGN'
2022-05-25 12:33:37 14564 [Note] Shutting down plugin 'INNODB_SYS_FIELDS'
2022-05-25 12:33:37 14564 [Note] Shutting down plugin 'INNODB_SYS_COLUMNS'
2022-05-25 12:33:37 14564 [Note] Shutting down plugin 'INNODB_SYS_INDEXES'
2022-05-25 12:33:37 14564 [Note] Shutting down plugin 'INNODB_SYS_TABLESTATS'
2022-05-25 12:33:37 14564 [Note] Shutting down plugin 'INNODB_SYS_TABLES'
2022-05-25 12:33:37 14564 [Note] Shutting down plugin 'INNODB_FT_INDEX_TABLE'
2022-05-25 12:33:37 14564 [Note] Shutting down plugin 'INNODB_FT_INDEX_CACHE'
2022-05-25 12:33:37 14564 [Note] Shutting down plugin 'INNODB_FT_CONFIG'
2022-05-25 12:33:37 14564 [Note] Shutting down plugin 'INNODB_FT_BEING_DELETED'
2022-05-25 12:33:37 14564 [Note] Shutting down plugin 'INNODB_FT_DELETED'
2022-05-25 12:33:37 14564 [Note] Shutting down plugin 'INNODB_FT_DEFAULT_STOPWORD'
2022-05-25 12:33:37 14564 [Note] Shutting down plugin 'INNODB_METRICS'
2022-05-25 12:33:37 14564 [Note] Shutting down plugin 'INNODB_BUFFER_POOL_STATS'
2022-05-25 12:33:37 14564 [Note] Shutting down plugin 'INNODB_BUFFER_PAGE_LRU'
2022-05-25 12:33:37 14564 [Note] Shutting down plugin 'INNODB_BUFFER_PAGE'
2022-05-25 12:33:37 14564 [Note] Shutting down plugin 'INNODB_CMP_PER_INDEX_RESET'
2022-05-25 12:33:37 14564 [Note] Shutting down plugin 'INNODB_CMP_PER_INDEX'
2022-05-25 12:33:37 14564 [Note] Shutting down plugin 'INNODB_CMPMEM_RESET'
2022-05-25 12:33:37 14564 [Note] Shutting down plugin 'INNODB_CMPMEM'
2022-05-25 12:33:37 14564 [Note] Shutting down plugin 'INNODB_CMP_RESET'
2022-05-25 12:33:37 14564 [Note] Shutting down plugin 'INNODB_CMP'
2022-05-25 12:33:37 14564 [Note] Shutting down plugin 'INNODB_LOCK_WAITS'
2022-05-25 12:33:37 14564 [Note] Shutting down plugin 'INNODB_LOCKS'
2022-05-25 12:33:37 14564 [Note] Shutting down plugin 'INNODB_TRX'
2022-05-25 12:33:37 14564 [Note] Shutting down plugin 'InnoDB'
2022-05-25 12:33:37 14564 [Note] InnoDB: FTS optimize thread exiting.
2022-05-25 12:33:37 14564 [Note] InnoDB: Starting shutdown...
2022-05-25 12:33:38 14564 [Note] InnoDB: Shutdown completed; log sequence number 1626706
2022-05-25 12:33:38 14564 [Note] Shutting down plugin 'BLACKHOLE'
2022-05-25 12:33:38 14564 [Note] Shutting down plugin 'ARCHIVE'
2022-05-25 12:33:38 14564 [Note] Shutting down plugin 'MRG_MYISAM'
2022-05-25 12:33:38 14564 [Note] Shutting down plugin 'MyISAM'
2022-05-25 12:33:38 14564 [Note] Shutting down plugin 'MEMORY'
2022-05-25 12:33:38 14564 [Note] Shutting down plugin 'CSV'
2022-05-25 12:33:38 14564 [Note] Shutting down plugin 'sha256_password'
2022-05-25 12:33:38 14564 [Note] Shutting down plugin 'mysql_old_password'
2022-05-25 12:33:38 14564 [Note] Shutting down plugin 'mysql_native_password'
2022-05-25 12:33:38 14564 [Note] Shutting down plugin 'binlog'
2022-05-25 12:33:38 14564 [Note] C:\Users\erade\Documents\school\gyro - here we go\NO-WAY/mysql/bin/mysqld_usbwv8.exe: Shutdown complete

2022-05-25 12:50:11 27204 [Note] Plugin 'FEDERATED' is disabled.
2022-05-25 12:50:11 27204 [Note] InnoDB: The InnoDB memory heap is disabled
2022-05-25 12:50:11 27204 [Note] InnoDB: Mutexes and rw_locks use Windows interlocked functions
2022-05-25 12:50:11 27204 [Note] InnoDB: Compressed tables use zlib 1.2.3
2022-05-25 12:50:11 27204 [Note] InnoDB: Not using CPU crc32 instructions
2022-05-25 12:50:11 27204 [Note] InnoDB: Initializing buffer pool, size = 128.0M
2022-05-25 12:50:11 27204 [Note] InnoDB: Completed initialization of buffer pool
2022-05-25 12:50:11 27204 [Note] InnoDB: Highest supported file format is Barracuda.
2022-05-25 12:50:11 27204 [Note] InnoDB: 128 rollback segment(s) are active.
2022-05-25 12:50:11 27204 [Note] InnoDB: Waiting for purge to start
2022-05-25 12:50:11 27204 [Note] InnoDB: 5.6.13 started; log sequence number 1626706
2022-05-25 12:50:11 27204 [Note] Server hostname (bind-address): '*'; port: 3307
2022-05-25 12:50:11 27204 [Note] IPv6 is available.
2022-05-25 12:50:11 27204 [Note]   - '::' resolves to '::';
2022-05-25 12:50:11 27204 [Note] Server socket created on IP: '::'.
2022-05-25 14:47:05 26780 [Note] Plugin 'FEDERATED' is disabled.
2022-05-25 14:47:05 26780 [Note] InnoDB: The InnoDB memory heap is disabled
2022-05-25 14:47:05 26780 [Note] InnoDB: Mutexes and rw_locks use Windows interlocked functions
2022-05-25 14:47:05 26780 [Note] InnoDB: Compressed tables use zlib 1.2.3
2022-05-25 14:47:05 26780 [Note] InnoDB: Not using CPU crc32 instructions
2022-05-25 14:47:05 26780 [Note] InnoDB: Initializing buffer pool, size = 128.0M
2022-05-25 14:47:05 26780 [Note] InnoDB: Completed initialization of buffer pool
2022-05-25 14:47:05 26780 [Note] InnoDB: Highest supported file format is Barracuda.
2022-05-25 14:47:05 26780 [Note] InnoDB: The log sequence numbers 1626706 and 1626706 in ibdata files do not match the log sequence number 1626716 in the ib_logfiles!
2022-05-25 14:47:05 26780 [Note] InnoDB: Database was not shutdown normally!
2022-05-25 14:47:05 26780 [Note] InnoDB: Starting crash recovery.
2022-05-25 14:47:05 26780 [Note] InnoDB: Reading tablespace information from the .ibd files...
2022-05-25 14:47:05 26780 [Note] InnoDB: Restoring possible half-written data pages 
2022-05-25 14:47:05 26780 [Note] InnoDB: from the doublewrite buffer...
2022-05-25 14:47:05 26780 [Note] InnoDB: 128 rollback segment(s) are active.
2022-05-25 14:47:05 26780 [Note] InnoDB: Waiting for purge to start
2022-05-25 14:47:05 26780 [Note] InnoDB: 5.6.13 started; log sequence number 1626716
2022-05-25 14:47:05 26780 [Note] Server hostname (bind-address): '*'; port: 3307
2022-05-25 14:47:05 26780 [Note] IPv6 is available.
2022-05-25 14:47:05 26780 [Note]   - '::' resolves to '::';
2022-05-25 14:47:05 26780 [Note] Server socket created on IP: '::'.
2022-05-25 15:05:37 16848 [Note] Plugin 'FEDERATED' is disabled.
2022-05-25 15:05:37 16848 [Note] InnoDB: The InnoDB memory heap is disabled
2022-05-25 15:05:37 16848 [Note] InnoDB: Mutexes and rw_locks use Windows interlocked functions
2022-05-25 15:05:37 16848 [Note] InnoDB: Compressed tables use zlib 1.2.3
2022-05-25 15:05:37 16848 [Note] InnoDB: Not using CPU crc32 instructions
2022-05-25 15:05:37 16848 [Note] InnoDB: Initializing buffer pool, size = 128.0M
2022-05-25 15:05:37 16848 [Note] InnoDB: Completed initialization of buffer pool
2022-05-25 15:05:37 16848 [Note] InnoDB: Highest supported file format is Barracuda.
2022-05-25 15:05:37 16848 [Note] InnoDB: The log sequence numbers 1626706 and 1626706 in ibdata files do not match the log sequence number 1626726 in the ib_logfiles!
2022-05-25 15:05:37 16848 [Note] InnoDB: Database was not shutdown normally!
2022-05-25 15:05:37 16848 [Note] InnoDB: Starting crash recovery.
2022-05-25 15:05:37 16848 [Note] InnoDB: Reading tablespace information from the .ibd files...
2022-05-25 15:05:37 16848 [Note] InnoDB: Restoring possible half-written data pages 
2022-05-25 15:05:37 16848 [Note] InnoDB: from the doublewrite buffer...
2022-05-25 15:05:38 16848 [Note] InnoDB: 128 rollback segment(s) are active.
2022-05-25 15:05:38 16848 [Note] InnoDB: Waiting for purge to start
2022-05-25 15:05:38 16848 [Note] InnoDB: 5.6.13 started; log sequence number 1626726
2022-05-25 15:05:38 16848 [Note] Server hostname (bind-address): '*'; port: 3307
2022-05-25 15:05:38 16848 [Note] IPv6 is available.
2022-05-25 15:05:38 16848 [Note]   - '::' resolves to '::';
2022-05-25 15:05:38 16848 [Note] Server socket created on IP: '::'.
2022-05-25 19:33:22 13976 [Note] Plugin 'FEDERATED' is disabled.
2022-05-25 19:33:22 13976 [Note] InnoDB: The InnoDB memory heap is disabled
2022-05-25 19:33:22 13976 [Note] InnoDB: Mutexes and rw_locks use Windows interlocked functions
2022-05-25 19:33:22 13976 [Note] InnoDB: Compressed tables use zlib 1.2.3
2022-05-25 19:33:22 13976 [Note] InnoDB: Not using CPU crc32 instructions
2022-05-25 19:33:22 13976 [Note] InnoDB: Initializing buffer pool, size = 128.0M
2022-05-25 19:33:22 13976 [Note] InnoDB: Completed initialization of buffer pool
2022-05-25 19:33:22 13976 [Note] InnoDB: Highest supported file format is Barracuda.
2022-05-25 19:33:22 13976 [Note] InnoDB: The log sequence numbers 1626706 and 1626706 in ibdata files do not match the log sequence number 1626736 in the ib_logfiles!
2022-05-25 19:33:22 13976 [Note] InnoDB: Database was not shutdown normally!
2022-05-25 19:33:22 13976 [Note] InnoDB: Starting crash recovery.
2022-05-25 19:33:22 13976 [Note] InnoDB: Reading tablespace information from the .ibd files...
2022-05-25 19:33:22 13976 [Note] InnoDB: Restoring possible half-written data pages 
2022-05-25 19:33:22 13976 [Note] InnoDB: from the doublewrite buffer...
2022-05-25 19:33:22 13976 [Note] InnoDB: 128 rollback segment(s) are active.
2022-05-25 19:33:22 13976 [Note] InnoDB: Waiting for purge to start
2022-05-25 19:33:22 13976 [Note] InnoDB: 5.6.13 started; log sequence number 1626736
2022-05-25 19:33:22 13976 [Note] Server hostname (bind-address): '*'; port: 3307
2022-05-25 19:33:22 13976 [Note] IPv6 is available.
2022-05-25 19:33:22 13976 [Note]   - '::' resolves to '::';
2022-05-25 19:33:22 13976 [Note] Server socket created on IP: '::'.
